-------------------------------------------------------------------------------
Test set: test.handlers.KafkaConsumerTest
-------------------------------------------------------------------------------
Tests run: 1, Failures: 1, Errors: 0, Skipped: 0, Time elapsed: 0.033 s <<< FAILURE! - in test.handlers.KafkaConsumerTest
test  Time elapsed: 0.027 s  <<< FAILURE!
org.opentest4j.AssertionFailedError: expected: <true> but was: <false>
	at test.handlers.KafkaConsumerTest.test(KafkaConsumerTest.java:15)

